<?xml version="1.0" encoding="UTF-8"?>
<!-- Generated by org.testng.reporters.JUnitXMLReporter -->
<testsuite hostname="DESKTOP-VODB96N" ignored="1" name="Default test" tests="3" failures="0" timestamp="26 ינו 2018 21:15:18 GMT" time="46.099" errors="0">
  <testcase name="testBuyerRegistrtion" time="16.268" classname="com.affilomnia.leadbaskets.BuyerTest"/>
  <testcase name="testTotalLeadTotalSpentAvgcplParCamp" time="24.359" classname="com.affilomnia.leadbaskets.BuyerTest"/>
  <testcase name="testdownloadIntegrtionPDF" time="4.97" classname="com.affilomnia.leadbaskets.BuyerTest"/>
  <testcase name="testLoginTotalSpentAndLeads" time="0.0" classname="com.affilomnia.leadbaskets.BuyerTest">
    <ignored/>
  </testcase> <!-- testLoginTotalSpentAndLeads -->
</testsuite> <!-- Default test -->
