<?xml version="1.0" encoding="UTF-8"?>
<!-- Generated by org.testng.reporters.JUnitXMLReporter -->
<testsuite hostname="DESKTOP-VODB96N" ignored="1" name="Default test" tests="1" failures="0" timestamp="13 ינו 2018 21:45:14 GMT" time="18.457" errors="0">
  <testcase name="testLoginTotalSpentAndLeads" time="18.334" classname="com.affilomnia.leadbaskets.BuyerTest"/>
  <testcase name="testTotalLeadTotalSpentAvgcplParCamp" time="0.0" classname="com.affilomnia.leadbaskets.BuyerTest">
    <ignored/>
  </testcase> <!-- testTotalLeadTotalSpentAvgcplParCamp -->
</testsuite> <!-- Default test -->
