<?xml version="1.0" encoding="UTF-8"?>
<testsuite xmlns:xsi="http://www.w3.org/2001/XMLSchema-instance" xsi:noNamespaceSchemaLocation="https://maven.apache.org/surefire/maven-surefire-plugin/xsd/surefire-test-report.xsd" name="TestSuite" time="69.084" tests="4" errors="0" skipped="0" failures="1">
  <properties>
[...]
</properties>
  <testcase name="testBuyerRegistrtion" classname="com.affilomnia.leadbaskets.BuyerTest" time="20.842"/>
  <testcase name="testTotalLeadTotalSpentAvgcplParCamp" classname="com.affilomnia.leadbaskets.BuyerTest" time="24.59"/>
  <testcase name="testLoginTotalSpentAndLeads" classname="com.affilomnia.leadbaskets.BuyerTest" time="10.883"/>
  <testcase name="testdownloadIntegrtionPDF" classname="com.affilomnia.leadbaskets.BuyerTest" time="6.399">
    <failure message="Element not found {by text: Integration with API2}&#10;Expected: visible" type="com.codeborne.selenide.ex.ElementNotFound">com.codeborne.selenide.ex.ElementNotFound: 
Element not found {by text: Integration with API2}
Expected: visible
	at com.affilomnia.leadbaskets.BuyerTest.testdownloadIntegrtionPDF(BuyerTest.java:86)
Caused by: org.openqa.selenium.NoSuchElementException: 
no such element: Unable to locate element: {"method":"xpath","selector":".//*/text()[normalize-space(translate(string(.), '	
 ', '    ')) = "Integration with API2"]/parent::*"}
  (Session info: chrome=63.0.3239.132)
  (Driver info: chromedriver=2.35.528161 (5b82f2d2aae0ca24b877009200ced9065a772e73),platform=Windows NT 10.0.15063 x86_64) (WARNING: The server did not provide any stacktrace information)
Command duration or timeout: 0 milliseconds
For documentation on this error, please visit: http://seleniumhq.org/exceptions/no_such_element.html
Build info: version: '3.8.1', revision: '6e95a6684b', time: '2017-12-01T18:33:54.468Z'
System info: host: 'RG-W-KIRIL', ip: '192.168.10.21', os.name: 'Windows 10', os.arch: 'amd64', os.version: '10.0', java.version: '1.8.0_144'
Driver info: org.openqa.selenium.chrome.ChromeDriver
Capabilities {acceptInsecureCerts: false, acceptSslCerts: false, applicationCacheEnabled: false, browserConnectionEnabled: false, browserName: chrome, chrome: {chromedriverVersion: 2.35.528161 (5b82f2d2aae0ca..., userDataDir: C:\Users\kiril\AppData\Loca...}, cssSelectorsEnabled: true, databaseEnabled: false, handlesAlerts: true, hasTouchScreen: false, javascriptEnabled: true, locationContextEnabled: true, mobileEmulationEnabled: false, nativeEvents: true, networkConnectionEnabled: false, pageLoadStrategy: normal, platform: XP, platformName: XP, rotatable: false, setWindowRect: true, takesHeapSnapshot: true, takesScreenshot: true, unexpectedAlertBehaviour: , unhandledPromptBehavior: , version: 63.0.3239.132, webStorageEnabled: true}
Session ID: aad538eb8d04f56cdd707aa59f4ff46c
*** Element info: {Using=xpath, value=.//*/text()[normalize-space(translate(string(.), '	
 ', '    ')) = "Integration with API2"]/parent::*}
	at com.affilomnia.leadbaskets.BuyerTest.testdownloadIntegrtionPDF(BuyerTest.java:86)
</failure>
    <system-err><![CDATA[Jan 16, 2018 2:09:32 PM com.codeborne.selenide.impl.DownloadFileWithHttpRequest getFileName
INFO: Cannot extract file name from http headers. Found headers: 
Jan 16, 2018 2:09:32 PM com.codeborne.selenide.impl.DownloadFileWithHttpRequest getFileName
INFO: Date=Tue, 16 Jan 2018 12:12:38 GMT
Jan 16, 2018 2:09:32 PM com.codeborne.selenide.impl.DownloadFileWithHttpRequest getFileName
INFO: Content-Type=application/pdf
Jan 16, 2018 2:09:32 PM com.codeborne.selenide.impl.DownloadFileWithHttpRequest getFileName
INFO: Content-Length=82843
Jan 16, 2018 2:09:32 PM com.codeborne.selenide.impl.DownloadFileWithHttpRequest getFileName
INFO: Connection=keep-alive
Jan 16, 2018 2:09:32 PM com.codeborne.selenide.impl.DownloadFileWithHttpRequest getFileName
INFO: Last-Modified=Mon, 11 Sep 2017 09:08:17 GMT
Jan 16, 2018 2:09:32 PM com.codeborne.selenide.impl.DownloadFileWithHttpRequest getFileName
INFO: ETag="59b65281-1439b"
Jan 16, 2018 2:09:32 PM com.codeborne.selenide.impl.DownloadFileWithHttpRequest getFileName
INFO: Accept-Ranges=bytes
Jan 16, 2018 2:09:32 PM com.codeborne.selenide.impl.DownloadFileWithHttpRequest getFileName
INFO: Server=cloudflare
Jan 16, 2018 2:09:32 PM com.codeborne.selenide.impl.DownloadFileWithHttpRequest getFileName
INFO: CF-RAY=3de0fbf3782897d4-FRA
]]></system-err>
  </testcase>
</testsuite>