<?xml version="1.0" encoding="UTF-8"?>
<testng-results skipped="0" failed="1" ignored="11" total="25" passed="13">
  <reporter-output>
    <line>
      <![CDATA[seller email > mtt91393@bnuis.com]]>
    </line>
    <line>
      <![CDATA[New seller Create]]>
    </line>
    <line>
      <![CDATA[Report for sellerRegistrtion+--------------------------------------------------------+----------------------------------------------------------------------+----------+----------+|Element                                                 |Subject                                                               |Status    |ms.       |+--------------------------------------------------------+----------------------------------------------------------------------+----------+----------+|open                                                    |https://10minutemail.net                                              |PASS      |2654      ||input[class='mailtext']                                 |get attribute(value)                                                  |PASS      |24        ||input[class='mailtext']                                 |get attribute(value)                                                  |PASS      |15        ||open                                                    |https://test_app.leadsbasket.com/register-seller-start                |PASS      |1159      ||h2                                                      |should have(text 'Create a Free Account on LEADSBASKET')              |PASS      |65        ||a[ui-sref='login']                                      |click()                                                               |PASS      |78        ||h2                                                      |should have(text 'Login to LeadsBasket')                              |PASS      |228       ||by text: Get Started                                    |click()                                                               |PASS      |74        ||by text: Terms of Services                              |click()                                                               |PASS      |290       ||div.terms>h1                                            |should have(text 'TERMS OF USE')                                      |PASS      |1054      ||by text: Login                                          |should be(visible)                                                    |PASS      |113       ||by text: Login                                          |click()                                                               |PASS      |100       ||div.auth>h2                                             |should have(text 'Login to LeadsBasket')                              |PASS      |48        ||button.btn                                              |should be(disabled)                                                   |PASS      |26        ||input[name='firstName']                                 |set value(selenidefcad)                                               |PASS      |52        ||input[name='lastName']                                  |set value(automticfcad)                                               |PASS      |58        ||input[id='tel-dc']                                      |get attribute(placeholder)                                            |PASS      |27        ||input[id='tel-dc']                                      |set value(050-123-4567)                                               |PASS      |48        ||input[name='company']                                   |set value(selenide)                                                   |PASS      |50        ||input[placeholder*='Email']                             |set value(mtt91393@bnuis.com)                                         |PASS      |69        ||input[name='pass']                                      |set value(D%1%bfdd3c%)                                                |PASS      |67        ||input[name='rePass']                                    |set value(D%1%bfdd3c%)                                                |PASS      |67        ||button.btn                                              |should be(visible)                                                    |PASS      |30        ||button.btn                                              |click()                                                               |PASS      |78        ||h4                                                      |should have(text 'YOU'RE ALMOST THERE!')                              |PASS      |987       ||by text: Done                                           |should be(visible)                                                    |PASS      |31        ||by text: Done                                           |click()                                                               |PASS      |2524      ||open                                                    |https://10minutemail.net                                              |PASS      |3779      ||by text: Welcome to LeadsBasket - Verification Required |wait until([visible, 15000])                                          |FAIL      |15097     |+--------------------------------------------------------+----------------------------------------------------------------------+----------+----------+]]>
    </line>
    <line>
      <![CDATA[Admin accepted dispute]]>
    </line>
    <line>
      <![CDATA[total spent is correct 5784.0]]>
    </line>
    <line>
      <![CDATA[total Leads is correct 161.0]]>
    </line>
    <line>
      <![CDATA[campgns name : biddertesttotal spend : 5544.0 total leads: 154.0avgCpl 36.0]]>
    </line>
    <line>
      <![CDATA[campgns name : los angelestotal spend : 144.0 total leads: 4.0avgCpl 36.0]]>
    </line>
    <line>
      <![CDATA[campgns name : russian - moskvatotal spend : 36.0 total leads: 1.0avgCpl 36.0]]>
    </line>
    <line>
      <![CDATA[campgns name : germmnytotal spend : 60.0 total leads: 2.0avgCpl 30.0]]>
    </line>
    <line>
      <![CDATA[total Leads is  143.0]]>
    </line>
    <line>
      <![CDATA[total revenue is  4696.97]]>
    </line>
    <line>
      <![CDATA[Actual avg cpl  is  32.85]]>
    </line>
    <line>
      <![CDATA[Avg. Min CPL  is  31.93]]>
    </line>
    <line>
      <![CDATA[OfferName: Home security>Number leads:1.0>Revenues: 22.0>Avg. CPL: 22.0EPC: 11.0]]>
    </line>
    <line>
      <![CDATA[OfferName: selenium Webdriver(don't use!!!)>Number leads:142.0>Revenues: 4674.97>Avg. CPL: 32.92EPC: 19.98]]>
    </line>
    <line>
      <![CDATA[Total clicks: 236.0Avg. EPC 19.9]]>
    </line>
    <line>
      <![CDATA[total Amount invoice leads accounting page4696.97]]>
    </line>
    <line>
      <![CDATA[total Amount  leads accounting page143.0]]>
    </line>
  </reporter-output>
  <suite name="statistic Regression TestSuite " duration-ms="172008" started-at="2018-03-04T08:45:02Z" finished-at="2018-03-04T08:47:54Z">
    <groups>
      <group name="createLead">
        <method signature="FormLbTest.EmbeddedForm()[pri:2, instance:com.affilomnia.leadbaskets.FormLbTest@52354202]" name="EmbeddedForm" class="com.affilomnia.leadbaskets.FormLbTest"/>
        <method signature="FormLbTest.LoginAsSellerAndSendLead()[pri:1, instance:com.affilomnia.leadbaskets.FormLbTest@52354202]" name="LoginAsSellerAndSendLead" class="com.affilomnia.leadbaskets.FormLbTest"/>
      </group> <!-- createLead -->
      <group name="sellerStatistic">
        <method signature="SellerTest.sellerAccountingStatistic()[pri:3, instance:com.affilomnia.leadbaskets.SellerTest@4eeab3e]" name="sellerAccountingStatistic" class="com.affilomnia.leadbaskets.SellerTest"/>
        <method signature="SellerTest.testStatisticParOffer()[pri:2, instance:com.affilomnia.leadbaskets.SellerTest@4eeab3e]" name="testStatisticParOffer" class="com.affilomnia.leadbaskets.SellerTest"/>
        <method signature="SellerTest.testTotalLeadTotalCpl()[pri:1, instance:com.affilomnia.leadbaskets.SellerTest@4eeab3e]" name="testTotalLeadTotalCpl" class="com.affilomnia.leadbaskets.SellerTest"/>
      </group> <!-- sellerStatistic -->
      <group name="buyerStatistic">
        <method signature="BuyerTest.testLoginTotalSpentAndLeads()[pri:1, instance:com.affilomnia.leadbaskets.BuyerTest@38159384]" name="testLoginTotalSpentAndLeads" class="com.affilomnia.leadbaskets.BuyerTest"/>
        <method signature="BuyerTest.testTotalLeadTotalSpentAvgcplParCamp()[pri:2, instance:com.affilomnia.leadbaskets.BuyerTest@38159384]" name="testTotalLeadTotalSpentAvgcplParCamp" class="com.affilomnia.leadbaskets.BuyerTest"/>
      </group> <!-- buyerStatistic -->
    </groups>
    <test name="create lead  test " duration-ms="14682" started-at="2018-03-04T08:45:02Z" finished-at="2018-03-04T08:45:17Z">
      <class name="com.affilomnia.leadbaskets.FormLbTest">
        <test-method status="PASS" signature="LoginAsSellerAndSendLead()[pri:1, instance:com.affilomnia.leadbaskets.FormLbTest@52354202]" name="LoginAsSellerAndSendLead" duration-ms="13355" started-at="2018-03-04T10:45:02Z" description="seller send one lead thought offer 543 " finished-at="2018-03-04T10:45:16Z">
          <reporter-output>
          </reporter-output>
        </test-method> <!-- LoginAsSellerAndSendLead -->
        <test-method status="PASS" signature="EmbeddedForm()[pri:2, instance:com.affilomnia.leadbaskets.FormLbTest@52354202]" name="EmbeddedForm" duration-ms="1244" started-at="2018-03-04T10:45:16Z" description="Sent lead through embedded form " finished-at="2018-03-04T10:45:17Z">
          <reporter-output>
          </reporter-output>
        </test-method> <!-- EmbeddedForm -->
      </class> <!-- com.affilomnia.leadbaskets.FormLbTest -->
    </test> <!-- create lead  test  -->
    <test name="buyer statistic check " duration-ms="61317" started-at="2018-03-04T08:45:17Z" finished-at="2018-03-04T08:46:18Z">
      <class name="com.affilomnia.leadbaskets.BuyerTest">
        <test-method status="PASS" signature="testLoginTotalSpentAndLeads()[pri:1, instance:com.affilomnia.leadbaskets.BuyerTest@38159384]" name="testLoginTotalSpentAndLeads" duration-ms="21845" started-at="2018-03-04T10:45:17Z" description="Test total leads Total spent of buyer" finished-at="2018-03-04T10:45:39Z">
          <reporter-output>
            <line>
              <![CDATA[total spent is correct 5784.0]]>
            </line>
            <line>
              <![CDATA[total Leads is correct 161.0]]>
            </line>
          </reporter-output>
        </test-method> <!-- testLoginTotalSpentAndLeads -->
        <test-method status="PASS" signature="logs(org.testng.ITestResult)[pri:0, instance:com.affilomnia.leadbaskets.BuyerTest@38159384]" name="logs" is-config="true" duration-ms="1006" started-at="2018-03-04T10:45:39Z" finished-at="2018-03-04T10:45:40Z">
          <params>
            <param index="0">
              <value>
                <![CDATA[[TestResult name=testLoginTotalSpentAndLeads status=SUCCESS method=BuyerTest.testLoginTotalSpentAndLeads()[pri:1, instance:com.affilomnia.leadbaskets.BuyerTest@38159384] output=total spent is correct 5784.0]]]>
              </value>
            </param>
          </params>
          <reporter-output>
          </reporter-output>
        </test-method> <!-- logs -->
        <test-method status="PASS" signature="testTotalLeadTotalSpentAvgcplParCamp()[pri:2, instance:com.affilomnia.leadbaskets.BuyerTest@38159384]" name="testTotalLeadTotalSpentAvgcplParCamp" duration-ms="37286" started-at="2018-03-04T10:45:40Z" description="Test total leads/spent/avgcpl par offer " finished-at="2018-03-04T10:46:17Z">
          <reporter-output>
            <line>
              <![CDATA[campgns name : biddertesttotal spend : 5544.0 total leads: 154.0avgCpl 36.0]]>
            </line>
            <line>
              <![CDATA[campgns name : los angelestotal spend : 144.0 total leads: 4.0avgCpl 36.0]]>
            </line>
            <line>
              <![CDATA[campgns name : russian - moskvatotal spend : 36.0 total leads: 1.0avgCpl 36.0]]>
            </line>
            <line>
              <![CDATA[campgns name : germmnytotal spend : 60.0 total leads: 2.0avgCpl 30.0]]>
            </line>
          </reporter-output>
        </test-method> <!-- testTotalLeadTotalSpentAvgcplParCamp -->
        <test-method status="PASS" signature="logs(org.testng.ITestResult)[pri:0, instance:com.affilomnia.leadbaskets.BuyerTest@38159384]" name="logs" is-config="true" duration-ms="1005" started-at="2018-03-04T10:46:17Z" finished-at="2018-03-04T10:46:18Z">
          <params>
            <param index="0">
              <value>
                <![CDATA[[TestResult name=testTotalLeadTotalSpentAvgcplParCamp status=SUCCESS method=BuyerTest.testTotalLeadTotalSpentAvgcplParCamp()[pri:2, instance:com.affilomnia.leadbaskets.BuyerTest@38159384] output=campgns name : biddertesttotal spend : 5544.0 total leads: 154.0avgCpl 36.0]]]>
              </value>
            </param>
          </params>
          <reporter-output>
          </reporter-output>
        </test-method> <!-- logs -->
      </class> <!-- com.affilomnia.leadbaskets.BuyerTest -->
    </test> <!-- buyer statistic check  -->
    <test name="seller statistic check " duration-ms="95990" started-at="2018-03-04T08:46:18Z" finished-at="2018-03-04T08:47:54Z">
      <class name="com.affilomnia.leadbaskets.SellerTest">
        <test-method status="PASS" signature="beforeTest()[pri:0, instance:com.affilomnia.leadbaskets.SellerTest@4eeab3e]" name="beforeTest" is-config="true" duration-ms="1" started-at="2018-03-04T10:45:02Z" finished-at="2018-03-04T10:45:02Z">
          <reporter-output>
          </reporter-output>
        </test-method> <!-- beforeTest -->
        <test-method status="PASS" signature="testTotalLeadTotalCpl()[pri:1, instance:com.affilomnia.leadbaskets.SellerTest@4eeab3e]" name="testTotalLeadTotalCpl" duration-ms="29808" started-at="2018-03-04T10:46:18Z" description="How much seller have leads and Total CPl" finished-at="2018-03-04T10:46:48Z">
          <reporter-output>
            <line>
              <![CDATA[total Leads is  143.0]]>
            </line>
            <line>
              <![CDATA[total revenue is  4696.97]]>
            </line>
            <line>
              <![CDATA[Actual avg cpl  is  32.85]]>
            </line>
            <line>
              <![CDATA[Avg. Min CPL  is  31.93]]>
            </line>
          </reporter-output>
        </test-method> <!-- testTotalLeadTotalCpl -->
        <test-method status="PASS" signature="logs(org.testng.ITestResult)[pri:0, instance:com.affilomnia.leadbaskets.SellerTest@4eeab3e]" name="logs" is-config="true" duration-ms="1010" started-at="2018-03-04T10:46:48Z" finished-at="2018-03-04T10:46:49Z">
          <params>
            <param index="0">
              <value>
                <![CDATA[[TestResult name=testTotalLeadTotalCpl status=SUCCESS method=SellerTest.testTotalLeadTotalCpl()[pri:1, instance:com.affilomnia.leadbaskets.SellerTest@4eeab3e] output=total Leads is  143.0]]]>
              </value>
            </param>
          </params>
          <reporter-output>
          </reporter-output>
        </test-method> <!-- logs -->
        <test-method status="PASS" signature="testStatisticParOffer()[pri:2, instance:com.affilomnia.leadbaskets.SellerTest@4eeab3e]" name="testStatisticParOffer" duration-ms="49737" started-at="2018-03-04T10:46:49Z" description="Test Statistic Par offer " finished-at="2018-03-04T10:47:39Z">
          <reporter-output>
            <line>
              <![CDATA[OfferName: Home security>Number leads:1.0>Revenues: 22.0>Avg. CPL: 22.0EPC: 11.0]]>
            </line>
            <line>
              <![CDATA[OfferName: selenium Webdriver(don't use!!!)>Number leads:142.0>Revenues: 4674.97>Avg. CPL: 32.92EPC: 19.98]]>
            </line>
            <line>
              <![CDATA[Total clicks: 236.0Avg. EPC 19.9]]>
            </line>
          </reporter-output>
        </test-method> <!-- testStatisticParOffer -->
        <test-method status="PASS" signature="logs(org.testng.ITestResult)[pri:0, instance:com.affilomnia.leadbaskets.SellerTest@4eeab3e]" name="logs" is-config="true" duration-ms="1008" started-at="2018-03-04T10:47:39Z" finished-at="2018-03-04T10:47:40Z">
          <params>
            <param index="0">
              <value>
                <![CDATA[[TestResult name=testStatisticParOffer status=SUCCESS method=SellerTest.testStatisticParOffer()[pri:2, instance:com.affilomnia.leadbaskets.SellerTest@4eeab3e] output=OfferName: Home security>Number leads:1.0>Revenues: 22.0>Avg. CPL: 22.0EPC: 11.0]]]>
              </value>
            </param>
          </params>
          <reporter-output>
          </reporter-output>
        </test-method> <!-- logs -->
        <test-method status="PASS" signature="sellerAccountingStatistic()[pri:3, instance:com.affilomnia.leadbaskets.SellerTest@4eeab3e]" name="sellerAccountingStatistic" duration-ms="13172" started-at="2018-03-04T10:47:40Z" description="Test seller accounting statistic " finished-at="2018-03-04T10:47:53Z">
          <reporter-output>
            <line>
              <![CDATA[total Amount invoice leads accounting page4696.97]]>
            </line>
            <line>
              <![CDATA[total Amount  leads accounting page143.0]]>
            </line>
          </reporter-output>
        </test-method> <!-- sellerAccountingStatistic -->
        <test-method status="PASS" signature="logs(org.testng.ITestResult)[pri:0, instance:com.affilomnia.leadbaskets.SellerTest@4eeab3e]" name="logs" is-config="true" duration-ms="1009" started-at="2018-03-04T10:47:53Z" finished-at="2018-03-04T10:47:54Z">
          <params>
            <param index="0">
              <value>
                <![CDATA[[TestResult name=sellerAccountingStatistic status=SUCCESS method=SellerTest.sellerAccountingStatistic()[pri:3, instance:com.affilomnia.leadbaskets.SellerTest@4eeab3e] output=total Amount invoice leads accounting page4696.97]]]>
              </value>
            </param>
          </params>
          <reporter-output>
          </reporter-output>
        </test-method> <!-- logs -->
      </class> <!-- com.affilomnia.leadbaskets.SellerTest -->
    </test> <!-- seller statistic check  -->
  </suite> <!-- statistic Regression TestSuite  -->
  <suite name="Regression TestSuite buyer" duration-ms="115164" started-at="2018-03-04T08:43:07Z" finished-at="2018-03-04T08:45:02Z">
    <groups>
      <group name="dispute">
        <method signature="BuyerTest.disputeLead()[pri:1, instance:com.affilomnia.leadbaskets.BuyerTest@22791b75]" name="disputeLead" class="com.affilomnia.leadbaskets.BuyerTest"/>
      </group> <!-- dispute -->
      <group name="Campaign">
        <method signature="BuyerTest.creteCampaign()[pri:1, instance:com.affilomnia.leadbaskets.BuyerTest@22791b75]" name="creteCampaign" class="com.affilomnia.leadbaskets.BuyerTest"/>
      </group> <!-- Campaign -->
      <group name="BuyerReg">
        <method signature="BuyerTest.testBuyerRegistrtion()[pri:1, instance:com.affilomnia.leadbaskets.BuyerTest@22791b75]" name="testBuyerRegistrtion" class="com.affilomnia.leadbaskets.BuyerTest"/>
        <method signature="BuyerTest.testdownloadIntegrtionPDF()[pri:2, instance:com.affilomnia.leadbaskets.BuyerTest@22791b75]" name="testdownloadIntegrtionPDF" class="com.affilomnia.leadbaskets.BuyerTest"/>
      </group> <!-- BuyerReg -->
      <group name="sellerRegistrtion">
        <method signature="SellerTest.sellerRegistrtion()[pri:1, instance:com.affilomnia.leadbaskets.SellerTest@2e6d76ba]" name="sellerRegistrtion" class="com.affilomnia.leadbaskets.SellerTest"/>
      </group> <!-- sellerRegistrtion -->
      <group name="adminDispute">
        <method signature="AdminTest.adminAcceptDispute()[pri:1, instance:com.affilomnia.leadbaskets.AdminTest@5e905f2c]" name="adminAcceptDispute" class="com.affilomnia.leadbaskets.AdminTest"/>
        <method signature="AdminTest.adminDeclinedDispute()[pri:2, instance:com.affilomnia.leadbaskets.AdminTest@5e905f2c]" name="adminDeclinedDispute" class="com.affilomnia.leadbaskets.AdminTest"/>
      </group> <!-- adminDispute -->
    </groups>
    <test name="seller test " duration-ms="36877" started-at="2018-03-04T08:43:07Z" finished-at="2018-03-04T08:43:44Z">
      <class name="com.affilomnia.leadbaskets.SellerTest">
        <test-method status="FAIL" signature="sellerRegistrtion()[pri:1, instance:com.affilomnia.leadbaskets.SellerTest@2e6d76ba]" name="sellerRegistrtion" duration-ms="30605" started-at="2018-03-04T10:43:07Z" description="Seller Registion + forget password test" finished-at="2018-03-04T10:43:38Z">
          <exception class="com.codeborne.selenide.ex.ElementNotFound">
            <message>
              <![CDATA[Element not found {by text: Welcome to LeadsBasket - Verification Required}Expected: visible]]>
            </message>
            <full-stacktrace>
              <![CDATA[Element not found {by text: Welcome to LeadsBasket - Verification Required}Expected: visibleScreenshot: file:/C:/LeadBasketsVr2/affilomnia.leadbaskets/build/reports/tests/1520153017774.0.pngPage source: file:/C:/LeadBasketsVr2/affilomnia.leadbaskets/build/reports/tests/1520153017774.0.htmlTimeout: 15 s.Caused by: NoSuchElementException: no such element: Unable to locate element: {"method":"xpath","selector":".//*/text()[normalize-space(translate(string(.), 'at com.codeborne.selenide.impl.WebElementSource.createElementNotFoundError(WebElementSource.java:31)at com.codeborne.selenide.impl.ElementFinder.createElementNotFoundError(ElementFinder.java:82)at com.codeborne.selenide.impl.WebElementSource.checkCondition(WebElementSource.java:59)at com.codeborne.selenide.commands.Should.should(Should.java:35)at com.codeborne.selenide.commands.Should.execute(Should.java:29)at com.codeborne.selenide.commands.Should.execute(Should.java:12)at com.codeborne.selenide.commands.Commands.execute(Commands.java:144)at com.codeborne.selenide.impl.SelenideElementProxy.dispatchAndRetry(SelenideElementProxy.java:87)at com.codeborne.selenide.impl.SelenideElementProxy.invoke(SelenideElementProxy.java:63)at com.sun.proxy.$Proxy19.waitUntil(Unknown Source)at Pages.SellerPage.verifyEmail(SellerPage.java:323)at com.affilomnia.leadbaskets.SellerTest.sellerRegistrtion(SellerTest.java:77)at sun.reflect.NativeMethodAccessorImpl.invoke0(Native Method)at sun.reflect.NativeMethodAccessorImpl.invoke(NativeMethodAccessorImpl.java:62)at sun.reflect.DelegatingMethodAccessorImpl.invoke(DelegatingMethodAccessorImpl.java:43)at java.lang.reflect.Method.invoke(Method.java:498)at org.testng.internal.MethodInvocationHelper.invokeMethod(MethodInvocationHelper.java:124)at org.testng.internal.Invoker.invokeMethod(Invoker.java:571)at org.testng.internal.Invoker.invokeTestMethod(Invoker.java:707)at org.testng.internal.Invoker.invokeTestMethods(Invoker.java:979)at org.testng.internal.TestMethodWorker.invokeTestMethods(TestMethodWorker.java:125)at org.testng.internal.TestMethodWorker.run(TestMethodWorker.java:109)at org.testng.TestRunner.privateRun(TestRunner.java:648)at org.testng.TestRunner.run(TestRunner.java:505)at org.testng.SuiteRunner.runTest(SuiteRunner.java:455)at org.testng.SuiteRunner.runSequentially(SuiteRunner.java:450)at org.testng.SuiteRunner.privateRun(SuiteRunner.java:415)at org.testng.SuiteRunner.run(SuiteRunner.java:364)at org.testng.SuiteRunnerWorker.runSuite(SuiteRunnerWorker.java:52)at org.testng.SuiteRunnerWorker.run(SuiteRunnerWorker.java:84)at org.testng.TestNG.runSuitesSequentially(TestNG.java:1187)at org.testng.TestNG.runSuitesSequentially(TestNG.java:1183)at org.testng.TestNG.runSuitesLocally(TestNG.java:1116)at org.testng.TestNG.runSuites(TestNG.java:1028)at org.testng.TestNG.run(TestNG.java:996)at org.apache.maven.surefire.testng.TestNGExecutor.run(TestNGExecutor.java:283)at org.apache.maven.surefire.testng.TestNGXmlTestSuite.execute(TestNGXmlTestSuite.java:75)at org.apache.maven.surefire.testng.TestNGProvider.invoke(TestNGProvider.java:120)at org.apache.maven.surefire.booter.ForkedBooter.invokeProviderInSameClassLoader(ForkedBooter.java:373)at org.apache.maven.surefire.booter.ForkedBooter.runSuitesInProcess(ForkedBooter.java:334)at org.apache.maven.surefire.booter.ForkedBooter.execute(ForkedBooter.java:119)at org.apache.maven.surefire.booter.ForkedBooter.main(ForkedBooter.java:407)Caused by: org.openqa.selenium.NoSuchElementException: no such element: Unable to locate element: {"method":"xpath","selector":".//*/text()[normalize-space(translate(string(.), ' ', '    ')) = "Welcome to LeadsBasket - Verification Required"]/parent::*"}  (Session info: chrome=64.0.3282.167)  (Driver info: chromedriver=2.36.540470 (e522d04694c7ebea4ba8821272dbef4f9b818c91),platform=Windows NT 10.0.16299 x86_64) (WARNING: The server did not provide any stacktrace information)Command duration or timeout: 0 millisecondsFor documentation on this error, please visit: http://seleniumhq.org/exceptions/no_such_element.htmlBuild info: version: '3.8.1', revision: '6e95a6684b', time: '2017-12-01T18:33:54.468Z'System info: host: 'RG-W-KIRIL', ip: '169.254.62.74', os.name: 'Windows 10', os.arch: 'amd64', os.version: '10.0', java.version: '1.8.0_144'Driver info: org.openqa.selenium.chrome.ChromeDriverCapabilities {acceptInsecureCerts: false, acceptSslCerts: false, applicationCacheEnabled: false, browserConnectionEnabled: false, browserName: chrome, chrome: {chromedriverVersion: 2.36.540470 (e522d04694c7eb..., userDataDir: C:\Users\kiril\AppData\Loca...}, cssSelectorsEnabled: true, databaseEnabled: false, handlesAlerts: true, hasTouchScreen: false, javascriptEnabled: true, locationContextEnabled: true, mobileEmulationEnabled: false, nativeEvents: true, networkConnectionEnabled: false, pageLoadStrategy: normal, platform: XP, platformName: XP, rotatable: false, setWindowRect: true, takesHeapSnapshot: true, takesScreenshot: true, unexpectedAlertBehaviour: , unhandledPromptBehavior: , version: 64.0.3282.167, webStorageEnabled: true}Session ID: 7856b0a85bbf9bb45b250aa5d9a16638*** Element info: {Using=xpath, value=.//*/text()[normalize-space(translate(string(.), ' ', '    ')) = "Welcome to LeadsBasket - Verification Required"]/parent::*}at sun.reflect.GeneratedConstructorAccessor19.newInstance(Unknown Source)at sun.reflect.DelegatingConstructorAccessorImpl.newInstance(DelegatingConstructorAccessorImpl.java:45)at java.lang.reflect.Constructor.newInstance(Constructor.java:423)at org.openqa.selenium.remote.ErrorHandler.createThrowable(ErrorHandler.java:214)at org.openqa.selenium.remote.ErrorHandler.throwIfResponseFailed(ErrorHandler.java:166)at org.openqa.selenium.remote.http.JsonHttpResponseCodec.reconstructValue(JsonHttpResponseCodec.java:40)at org.openqa.selenium.remote.http.AbstractHttpResponseCodec.decode(AbstractHttpResponseCodec.java:80)at org.openqa.selenium.remote.http.AbstractHttpResponseCodec.decode(AbstractHttpResponseCodec.java:44)at org.openqa.selenium.remote.HttpCommandExecutor.execute(HttpCommandExecutor.java:164)at org.openqa.selenium.remote.service.DriverCommandExecutor.execute(DriverCommandExecutor.java:83)at org.openqa.selenium.remote.RemoteWebDriver.execute(RemoteWebDriver.java:601)at org.openqa.selenium.remote.RemoteWebDriver.findElement(RemoteWebDriver.java:371)at org.openqa.selenium.remote.RemoteWebDriver.findElementByXPath(RemoteWebDriver.java:473)at org.openqa.selenium.By$ByXPath.findElement(By.java:361)at org.openqa.selenium.remote.RemoteWebDriver.findElement(RemoteWebDriver.java:363)at com.codeborne.selenide.impl.WebElementSelector.findElement(WebElementSelector.java:29)at com.codeborne.selenide.impl.ElementFinder.getWebElement(ElementFinder.java:56)at com.codeborne.selenide.impl.WebElementSource.checkCondition(WebElementSource.java:44)... 39 more]]>
            </full-stacktrace>
          </exception> <!-- com.codeborne.selenide.ex.ElementNotFound -->
          <reporter-output>
            <line>
              <![CDATA[seller email > mtt91393@bnuis.com]]>
            </line>
            <line>
              <![CDATA[New seller Create]]>
            </line>
            <line>
              <![CDATA[Report for sellerRegistrtion+--------------------------------------------------------+----------------------------------------------------------------------+----------+----------+|Element                                                 |Subject                                                               |Status    |ms.       |+--------------------------------------------------------+----------------------------------------------------------------------+----------+----------+|open                                                    |https://10minutemail.net                                              |PASS      |2654      ||input[class='mailtext']                                 |get attribute(value)                                                  |PASS      |24        ||input[class='mailtext']                                 |get attribute(value)                                                  |PASS      |15        ||open                                                    |https://test_app.leadsbasket.com/register-seller-start                |PASS      |1159      ||h2                                                      |should have(text 'Create a Free Account on LEADSBASKET')              |PASS      |65        ||a[ui-sref='login']                                      |click()                                                               |PASS      |78        ||h2                                                      |should have(text 'Login to LeadsBasket')                              |PASS      |228       ||by text: Get Started                                    |click()                                                               |PASS      |74        ||by text: Terms of Services                              |click()                                                               |PASS      |290       ||div.terms>h1                                            |should have(text 'TERMS OF USE')                                      |PASS      |1054      ||by text: Login                                          |should be(visible)                                                    |PASS      |113       ||by text: Login                                          |click()                                                               |PASS      |100       ||div.auth>h2                                             |should have(text 'Login to LeadsBasket')                              |PASS      |48        ||button.btn                                              |should be(disabled)                                                   |PASS      |26        ||input[name='firstName']                                 |set value(selenidefcad)                                               |PASS      |52        ||input[name='lastName']                                  |set value(automticfcad)                                               |PASS      |58        ||input[id='tel-dc']                                      |get attribute(placeholder)                                            |PASS      |27        ||input[id='tel-dc']                                      |set value(050-123-4567)                                               |PASS      |48        ||input[name='company']                                   |set value(selenide)                                                   |PASS      |50        ||input[placeholder*='Email']                             |set value(mtt91393@bnuis.com)                                         |PASS      |69        ||input[name='pass']                                      |set value(D%1%bfdd3c%)                                                |PASS      |67        ||input[name='rePass']                                    |set value(D%1%bfdd3c%)                                                |PASS      |67        ||button.btn                                              |should be(visible)                                                    |PASS      |30        ||button.btn                                              |click()                                                               |PASS      |78        ||h4                                                      |should have(text 'YOU'RE ALMOST THERE!')                              |PASS      |987       ||by text: Done                                           |should be(visible)                                                    |PASS      |31        ||by text: Done                                           |click()                                                               |PASS      |2524      ||open                                                    |https://10minutemail.net                                              |PASS      |3779      ||by text: Welcome to LeadsBasket - Verification Required |wait until([visible, 15000])                                          |FAIL      |15097     |+--------------------------------------------------------+----------------------------------------------------------------------+----------+----------+]]>
            </line>
          </reporter-output>
        </test-method> <!-- sellerRegistrtion -->
        <test-method status="FAIL" signature="logs(org.testng.ITestResult)[pri:0, instance:com.affilomnia.leadbaskets.SellerTest@2e6d76ba]" name="logs" is-config="true" duration-ms="5626" started-at="2018-03-04T10:43:38Z" finished-at="2018-03-04T10:43:44Z">
          <params>
            <param index="0">
              <value>
                <![CDATA[[TestResult name=sellerRegistrtion status=FAILURE method=SellerTest.sellerRegistrtion()[pri:1, instance:com.affilomnia.leadbaskets.SellerTest@2e6d76ba] output=seller email > mtt91393@bnuis.com]]]>
              </value>
            </param>
          </params>
          <exception class="com.codeborne.selenide.ex.ElementNotFound">
            <message>
              <![CDATA[Element not found {a.profile}Expected: visible]]>
            </message>
            <full-stacktrace>
              <![CDATA[Element not found {a.profile}Expected: visibleScreenshot: file:/C:/LeadBasketsVr2/affilomnia.leadbaskets/build/reports/tests/1520153024008.1.pngPage source: file:/C:/LeadBasketsVr2/affilomnia.leadbaskets/build/reports/tests/1520153024008.1.htmlTimeout: 4 s.Caused by: NoSuchElementException: no such element: Unable to locate element: {"method":"css selector","selector":"a.profile"}at com.codeborne.selenide.impl.WebElementSource.createElementNotFoundError(WebElementSource.java:31)at com.codeborne.selenide.impl.ElementFinder.createElementNotFoundError(ElementFinder.java:82)at com.codeborne.selenide.impl.WebElementSource.checkCondition(WebElementSource.java:59)at com.codeborne.selenide.commands.Should.should(Should.java:35)at com.codeborne.selenide.commands.Should.execute(Should.java:29)at com.codeborne.selenide.commands.Should.execute(Should.java:12)at com.codeborne.selenide.commands.Commands.execute(Commands.java:144)at com.codeborne.selenide.impl.SelenideElementProxy.dispatchAndRetry(SelenideElementProxy.java:87)at com.codeborne.selenide.impl.SelenideElementProxy.invoke(SelenideElementProxy.java:63)at com.sun.proxy.$Proxy19.shouldBe(Unknown Source)at com.affilomnia.leadbaskets.BaseTest.logs(BaseTest.java:56)at sun.reflect.NativeMethodAccessorImpl.invoke0(Native Method)at sun.reflect.NativeMethodAccessorImpl.invoke(NativeMethodAccessorImpl.java:62)at sun.reflect.DelegatingMethodAccessorImpl.invoke(DelegatingMethodAccessorImpl.java:43)at java.lang.reflect.Method.invoke(Method.java:498)at org.testng.internal.MethodInvocationHelper.invokeMethod(MethodInvocationHelper.java:124)at org.testng.internal.MethodInvocationHelper.invokeMethodConsideringTimeout(MethodInvocationHelper.java:59)at org.testng.internal.Invoker.invokeConfigurationMethod(Invoker.java:451)at org.testng.internal.Invoker.invokeConfigurations(Invoker.java:222)at org.testng.internal.Invoker.invokeMethod(Invoker.java:634)at org.testng.internal.Invoker.invokeTestMethod(Invoker.java:707)at org.testng.internal.Invoker.invokeTestMethods(Invoker.java:979)at org.testng.internal.TestMethodWorker.invokeTestMethods(TestMethodWorker.java:125)at org.testng.internal.TestMethodWorker.run(TestMethodWorker.java:109)at org.testng.TestRunner.privateRun(TestRunner.java:648)at org.testng.TestRunner.run(TestRunner.java:505)at org.testng.SuiteRunner.runTest(SuiteRunner.java:455)at org.testng.SuiteRunner.runSequentially(SuiteRunner.java:450)at org.testng.SuiteRunner.privateRun(SuiteRunner.java:415)at org.testng.SuiteRunner.run(SuiteRunner.java:364)at org.testng.SuiteRunnerWorker.runSuite(SuiteRunnerWorker.java:52)at org.testng.SuiteRunnerWorker.run(SuiteRunnerWorker.java:84)at org.testng.TestNG.runSuitesSequentially(TestNG.java:1187)at org.testng.TestNG.runSuitesSequentially(TestNG.java:1183)at org.testng.TestNG.runSuitesLocally(TestNG.java:1116)at org.testng.TestNG.runSuites(TestNG.java:1028)at org.testng.TestNG.run(TestNG.java:996)at org.apache.maven.surefire.testng.TestNGExecutor.run(TestNGExecutor.java:283)at org.apache.maven.surefire.testng.TestNGXmlTestSuite.execute(TestNGXmlTestSuite.java:75)at org.apache.maven.surefire.testng.TestNGProvider.invoke(TestNGProvider.java:120)at org.apache.maven.surefire.booter.ForkedBooter.invokeProviderInSameClassLoader(ForkedBooter.java:373)at org.apache.maven.surefire.booter.ForkedBooter.runSuitesInProcess(ForkedBooter.java:334)at org.apache.maven.surefire.booter.ForkedBooter.execute(ForkedBooter.java:119)at org.apache.maven.surefire.booter.ForkedBooter.main(ForkedBooter.java:407)Caused by: org.openqa.selenium.NoSuchElementException: no such element: Unable to locate element: {"method":"css selector","selector":"a.profile"}  (Session info: chrome=64.0.3282.167)  (Driver info: chromedriver=2.36.540470 (e522d04694c7ebea4ba8821272dbef4f9b818c91),platform=Windows NT 10.0.16299 x86_64) (WARNING: The server did not provide any stacktrace information)Command duration or timeout: 0 millisecondsFor documentation on this error, please visit: http://seleniumhq.org/exceptions/no_such_element.htmlBuild info: version: '3.8.1', revision: '6e95a6684b', time: '2017-12-01T18:33:54.468Z'System info: host: 'RG-W-KIRIL', ip: '169.254.62.74', os.name: 'Windows 10', os.arch: 'amd64', os.version: '10.0', java.version: '1.8.0_144'Driver info: org.openqa.selenium.chrome.ChromeDriverCapabilities {acceptInsecureCerts: false, acceptSslCerts: false, applicationCacheEnabled: false, browserConnectionEnabled: false, browserName: chrome, chrome: {chromedriverVersion: 2.36.540470 (e522d04694c7eb..., userDataDir: C:\Users\kiril\AppData\Loca...}, cssSelectorsEnabled: true, databaseEnabled: false, handlesAlerts: true, hasTouchScreen: false, javascriptEnabled: true, locationContextEnabled: true, mobileEmulationEnabled: false, nativeEvents: true, networkConnectionEnabled: false, pageLoadStrategy: normal, platform: XP, platformName: XP, rotatable: false, setWindowRect: true, takesHeapSnapshot: true, takesScreenshot: true, unexpectedAlertBehaviour: , unhandledPromptBehavior: , version: 64.0.3282.167, webStorageEnabled: true}Session ID: 7856b0a85bbf9bb45b250aa5d9a16638*** Element info: {Using=css selector, value=a.profile}at sun.reflect.GeneratedConstructorAccessor19.newInstance(Unknown Source)at sun.reflect.DelegatingConstructorAccessorImpl.newInstance(DelegatingConstructorAccessorImpl.java:45)at java.lang.reflect.Constructor.newInstance(Constructor.java:423)at org.openqa.selenium.remote.ErrorHandler.createThrowable(ErrorHandler.java:214)at org.openqa.selenium.remote.ErrorHandler.throwIfResponseFailed(ErrorHandler.java:166)at org.openqa.selenium.remote.http.JsonHttpResponseCodec.reconstructValue(JsonHttpResponseCodec.java:40)at org.openqa.selenium.remote.http.AbstractHttpResponseCodec.decode(AbstractHttpResponseCodec.java:80)at org.openqa.selenium.remote.http.AbstractHttpResponseCodec.decode(AbstractHttpResponseCodec.java:44)at org.openqa.selenium.remote.HttpCommandExecutor.execute(HttpCommandExecutor.java:164)at org.openqa.selenium.remote.service.DriverCommandExecutor.execute(DriverCommandExecutor.java:83)at org.openqa.selenium.remote.RemoteWebDriver.execute(RemoteWebDriver.java:601)at org.openqa.selenium.remote.RemoteWebDriver.findElement(RemoteWebDriver.java:371)at org.openqa.selenium.remote.RemoteWebDriver.findElementByCssSelector(RemoteWebDriver.java:465)at org.openqa.selenium.By$ByCssSelector.findElement(By.java:430)at org.openqa.selenium.remote.RemoteWebDriver.findElement(RemoteWebDriver.java:363)at com.codeborne.selenide.impl.WebElementSelector.findElement(WebElementSelector.java:29)at com.codeborne.selenide.impl.ElementFinder.getWebElement(ElementFinder.java:56)at com.codeborne.selenide.impl.WebElementSource.checkCondition(WebElementSource.java:44)... 41 more]]>
            </full-stacktrace>
          </exception> <!-- com.codeborne.selenide.ex.ElementNotFound -->
          <reporter-output>
          </reporter-output>
        </test-method> <!-- logs -->
      </class> <!-- com.affilomnia.leadbaskets.SellerTest -->
    </test> <!-- seller test  -->
    <test name="buyer test " duration-ms="41467" started-at="2018-03-04T08:43:44Z" finished-at="2018-03-04T08:44:26Z">
      <class name="com.affilomnia.leadbaskets.BuyerTest">
        <test-method status="PASS" signature="creteCampaign()[pri:1, instance:com.affilomnia.leadbaskets.BuyerTest@22791b75]" name="creteCampaign" duration-ms="9763" started-at="2018-03-04T10:43:44Z" description="Buyer Create Campaign  " finished-at="2018-03-04T10:43:54Z">
          <reporter-output>
          </reporter-output>
        </test-method> <!-- creteCampaign -->
        <test-method status="PASS" signature="logs(org.testng.ITestResult)[pri:0, instance:com.affilomnia.leadbaskets.BuyerTest@22791b75]" name="logs" is-config="true" duration-ms="1002" started-at="2018-03-04T10:43:54Z" finished-at="2018-03-04T10:43:55Z">
          <params>
            <param index="0">
              <value>
                <![CDATA[[TestResult name=creteCampaign status=SUCCESS method=BuyerTest.creteCampaign()[pri:1, instance:com.affilomnia.leadbaskets.BuyerTest@22791b75] output={null}]]]>
              </value>
            </param>
          </params>
          <reporter-output>
          </reporter-output>
        </test-method> <!-- logs -->
        <test-method status="PASS" signature="disputeLead()[pri:1, instance:com.affilomnia.leadbaskets.BuyerTest@22791b75]" name="disputeLead" duration-ms="12755" started-at="2018-03-04T10:43:55Z" description="Buyer dispute lead  " finished-at="2018-03-04T10:44:08Z">
          <reporter-output>
          </reporter-output>
        </test-method> <!-- disputeLead -->
        <test-method status="PASS" signature="logs(org.testng.ITestResult)[pri:0, instance:com.affilomnia.leadbaskets.BuyerTest@22791b75]" name="logs" is-config="true" duration-ms="1004" started-at="2018-03-04T10:44:08Z" finished-at="2018-03-04T10:44:09Z">
          <params>
            <param index="0">
              <value>
                <![CDATA[[TestResult name=disputeLead status=SUCCESS method=BuyerTest.disputeLead()[pri:1, instance:com.affilomnia.leadbaskets.BuyerTest@22791b75] output={null}]]]>
              </value>
            </param>
          </params>
          <reporter-output>
          </reporter-output>
        </test-method> <!-- logs -->
        <test-method status="PASS" signature="testBuyerRegistrtion()[pri:1, instance:com.affilomnia.leadbaskets.BuyerTest@22791b75]" name="testBuyerRegistrtion" duration-ms="11225" started-at="2018-03-04T10:44:09Z" description="Buyer Registration" finished-at="2018-03-04T10:44:20Z">
          <reporter-output>
          </reporter-output>
        </test-method> <!-- testBuyerRegistrtion -->
        <test-method status="PASS" signature="logs(org.testng.ITestResult)[pri:0, instance:com.affilomnia.leadbaskets.BuyerTest@22791b75]" name="logs" is-config="true" duration-ms="1003" started-at="2018-03-04T10:44:20Z" finished-at="2018-03-04T10:44:21Z">
          <params>
            <param index="0">
              <value>
                <![CDATA[[TestResult name=testBuyerRegistrtion status=SUCCESS method=BuyerTest.testBuyerRegistrtion()[pri:1, instance:com.affilomnia.leadbaskets.BuyerTest@22791b75] output={null}]]]>
              </value>
            </param>
          </params>
          <reporter-output>
          </reporter-output>
        </test-method> <!-- logs -->
        <test-method status="PASS" signature="testdownloadIntegrtionPDF()[pri:2, instance:com.affilomnia.leadbaskets.BuyerTest@22791b75]" name="testdownloadIntegrtionPDF" duration-ms="3315" started-at="2018-03-04T10:44:21Z" description="Download PDF integrtion API  " finished-at="2018-03-04T10:44:24Z">
          <reporter-output>
          </reporter-output>
        </test-method> <!-- testdownloadIntegrtionPDF -->
        <test-method status="PASS" signature="logs(org.testng.ITestResult)[pri:0, instance:com.affilomnia.leadbaskets.BuyerTest@22791b75]" name="logs" is-config="true" duration-ms="1003" started-at="2018-03-04T10:44:25Z" finished-at="2018-03-04T10:44:26Z">
          <params>
            <param index="0">
              <value>
                <![CDATA[[TestResult name=testdownloadIntegrtionPDF status=SUCCESS method=BuyerTest.testdownloadIntegrtionPDF()[pri:2, instance:com.affilomnia.leadbaskets.BuyerTest@22791b75] output={null}]]]>
              </value>
            </param>
          </params>
          <reporter-output>
          </reporter-output>
        </test-method> <!-- logs -->
      </class> <!-- com.affilomnia.leadbaskets.BuyerTest -->
    </test> <!-- buyer test  -->
    <test name="admin test " duration-ms="36749" started-at="2018-03-04T08:44:26Z" finished-at="2018-03-04T08:45:02Z">
      <class name="com.affilomnia.leadbaskets.AdminTest">
        <test-method status="PASS" signature="beforeTest()[pri:0, instance:com.affilomnia.leadbaskets.AdminTest@5e905f2c]" name="beforeTest" is-config="true" duration-ms="21" started-at="2018-03-04T10:43:07Z" finished-at="2018-03-04T10:43:07Z">
          <reporter-output>
          </reporter-output>
        </test-method> <!-- beforeTest -->
        <test-method status="PASS" signature="adminAcceptDispute()[pri:1, instance:com.affilomnia.leadbaskets.AdminTest@5e905f2c]" name="adminAcceptDispute" duration-ms="12465" started-at="2018-03-04T10:44:26Z" description="admin Accept dispute" finished-at="2018-03-04T10:44:38Z">
          <reporter-output>
            <line>
              <![CDATA[Admin accepted dispute]]>
            </line>
          </reporter-output>
        </test-method> <!-- adminAcceptDispute -->
        <test-method status="PASS" signature="logs(org.testng.ITestResult)[pri:0, instance:com.affilomnia.leadbaskets.AdminTest@5e905f2c]" name="logs" is-config="true" duration-ms="1007" started-at="2018-03-04T10:44:38Z" finished-at="2018-03-04T10:44:39Z">
          <params>
            <param index="0">
              <value>
                <![CDATA[[TestResult name=adminAcceptDispute status=SUCCESS method=AdminTest.adminAcceptDispute()[pri:1, instance:com.affilomnia.leadbaskets.AdminTest@5e905f2c] output=Admin accepted dispute]]]>
              </value>
            </param>
          </params>
          <reporter-output>
          </reporter-output>
        </test-method> <!-- logs -->
        <test-method status="PASS" signature="adminDeclinedDispute()[pri:2, instance:com.affilomnia.leadbaskets.AdminTest@5e905f2c]" name="adminDeclinedDispute" duration-ms="22033" started-at="2018-03-04T10:44:39Z" description="admin Declined dispute" finished-at="2018-03-04T10:45:01Z">
          <reporter-output>
          </reporter-output>
        </test-method> <!-- adminDeclinedDispute -->
        <test-method status="PASS" signature="logs(org.testng.ITestResult)[pri:0, instance:com.affilomnia.leadbaskets.AdminTest@5e905f2c]" name="logs" is-config="true" duration-ms="1004" started-at="2018-03-04T10:45:01Z" finished-at="2018-03-04T10:45:02Z">
          <params>
            <param index="0">
              <value>
                <![CDATA[[TestResult name=adminDeclinedDispute status=SUCCESS method=AdminTest.adminDeclinedDispute()[pri:2, instance:com.affilomnia.leadbaskets.AdminTest@5e905f2c] output={null}]]]>
              </value>
            </param>
          </params>
          <reporter-output>
          </reporter-output>
        </test-method> <!-- logs -->
      </class> <!-- com.affilomnia.leadbaskets.AdminTest -->
    </test> <!-- admin test  -->
  </suite> <!-- Regression TestSuite buyer -->
  <suite name="allSuites" duration-ms="0" started-at="2018-03-04T08:47:54Z" finished-at="2018-03-04T08:47:54Z">
    <groups>
    </groups>
  </suite> <!-- allSuites -->
</testng-results>
