<?xml version="1.0" encoding="UTF-8"?>
<testng-results skipped="0" failed="1" ignored="0" total="4" passed="3">
  <reporter-output>
  </reporter-output>
  <suite name="Regression TestSuite" duration-ms="62959" started-at="2018-01-16T12:08:34Z" finished-at="2018-01-16T12:09:37Z">
    <groups>
      <group name="BuyerReg">
        <method signature="BuyerTest.testBuyerRegistrtion()[pri:1, instance:com.affilomnia.leadbaskets.BuyerTest@42fc4ac4]" name="testBuyerRegistrtion" class="com.affilomnia.leadbaskets.BuyerTest"/>
        <method signature="BuyerTest.testdownloadIntegrtionPDF()[pri:2, instance:com.affilomnia.leadbaskets.BuyerTest@42fc4ac4]" name="testdownloadIntegrtionPDF" class="com.affilomnia.leadbaskets.BuyerTest"/>
      </group> <!-- BuyerReg -->
      <group name="buyer statistic">
        <method signature="BuyerTest.testLoginTotalSpentAndLeads()[pri:2, instance:com.affilomnia.leadbaskets.BuyerTest@42fc4ac4]" name="testLoginTotalSpentAndLeads" class="com.affilomnia.leadbaskets.BuyerTest"/>
        <method signature="BuyerTest.testTotalLeadTotalSpentAvgcplParCamp()[pri:1, instance:com.affilomnia.leadbaskets.BuyerTest@42fc4ac4]" name="testTotalLeadTotalSpentAvgcplParCamp" class="com.affilomnia.leadbaskets.BuyerTest"/>
      </group> <!-- buyer statistic -->
    </groups>
    <test name="LeadsBaskets Test" duration-ms="62959" started-at="2018-01-16T12:08:34Z" finished-at="2018-01-16T12:09:37Z">
      <class name="com.affilomnia.leadbaskets.BuyerTest">
        <test-method status="PASS" signature="testBuyerRegistrtion()[pri:1, instance:com.affilomnia.leadbaskets.BuyerTest@42fc4ac4]" name="testBuyerRegistrtion" duration-ms="20802" started-at="2018-01-16T14:08:34Z" description="3" finished-at="2018-01-16T14:08:55Z">
          <reporter-output>
          </reporter-output>
        </test-method> <!-- testBuyerRegistrtion -->
        <test-method status="PASS" signature="testTotalLeadTotalSpentAvgcplParCamp()[pri:1, instance:com.affilomnia.leadbaskets.BuyerTest@42fc4ac4]" name="testTotalLeadTotalSpentAvgcplParCamp" duration-ms="24504" started-at="2018-01-16T14:08:55Z" description="2" finished-at="2018-01-16T14:09:19Z">
          <reporter-output>
          </reporter-output>
        </test-method> <!-- testTotalLeadTotalSpentAvgcplParCamp -->
        <test-method status="PASS" signature="testLoginTotalSpentAndLeads()[pri:2, instance:com.affilomnia.leadbaskets.BuyerTest@42fc4ac4]" name="testLoginTotalSpentAndLeads" duration-ms="10796" started-at="2018-01-16T14:09:20Z" description="1" finished-at="2018-01-16T14:09:30Z">
          <reporter-output>
          </reporter-output>
        </test-method> <!-- testLoginTotalSpentAndLeads -->
        <test-method status="FAIL" signature="testdownloadIntegrtionPDF()[pri:2, instance:com.affilomnia.leadbaskets.BuyerTest@42fc4ac4]" name="testdownloadIntegrtionPDF" duration-ms="6033" started-at="2018-01-16T14:09:30Z" description="Download PDF " finished-at="2018-01-16T14:09:36Z">
          <exception class="com.codeborne.selenide.ex.ElementNotFound">
            <message>
              <![CDATA[Element not found {by text: Integration with API2}Expected: visible]]>
            </message>
            <full-stacktrace>
              <![CDATA[Element not found {by text: Integration with API2}Expected: visibleScreenshot: file:/C:/LeadBasketsVr2/affilomnia.leadbaskets/build/reports/tests/1516104576684.0.pngPage source: file:/C:/LeadBasketsVr2/affilomnia.leadbaskets/build/reports/tests/1516104576684.0.htmlTimeout: 4 s.Caused by: NoSuchElementException: no such element: Unable to locate element: {"method":"xpath","selector":".//*/text()[normalize-space(translate(string(.), 'at com.codeborne.selenide.impl.WebElementSource.createElementNotFoundError(WebElementSource.java:31)at com.codeborne.selenide.impl.ElementFinder.createElementNotFoundError(ElementFinder.java:82)at com.codeborne.selenide.impl.WebElementSource.checkCondition(WebElementSource.java:59)at com.codeborne.selenide.impl.WebElementSource.findAndAssertElementIsVisible(WebElementSource.java:72)at com.codeborne.selenide.commands.DownloadFile.execute(DownloadFile.java:26)at com.codeborne.selenide.commands.DownloadFile.execute(DownloadFile.java:18)at com.codeborne.selenide.commands.Commands.execute(Commands.java:144)at com.codeborne.selenide.impl.SelenideElementProxy.dispatchAndRetry(SelenideElementProxy.java:87)at com.codeborne.selenide.impl.SelenideElementProxy.invoke(SelenideElementProxy.java:63)at com.sun.proxy.$Proxy16.download(Unknown Source)at Pages.BuyerPage.downalodPdf(BuyerPage.java:283)at com.affilomnia.leadbaskets.BuyerTest.testdownloadIntegrtionPDF(BuyerTest.java:86)at sun.reflect.NativeMethodAccessorImpl.invoke0(Native Method)at sun.reflect.NativeMethodAccessorImpl.invoke(NativeMethodAccessorImpl.java:62)at sun.reflect.DelegatingMethodAccessorImpl.invoke(DelegatingMethodAccessorImpl.java:43)at java.lang.reflect.Method.invoke(Method.java:498)at org.testng.internal.MethodInvocationHelper.invokeMethod(MethodInvocationHelper.java:124)at org.testng.internal.Invoker.invokeMethod(Invoker.java:571)at org.testng.internal.Invoker.invokeTestMethod(Invoker.java:707)at org.testng.internal.Invoker.invokeTestMethods(Invoker.java:979)at org.testng.internal.TestMethodWorker.invokeTestMethods(TestMethodWorker.java:125)at org.testng.internal.TestMethodWorker.run(TestMethodWorker.java:109)at org.testng.TestRunner.privateRun(TestRunner.java:648)at org.testng.TestRunner.run(TestRunner.java:505)at org.testng.SuiteRunner.runTest(SuiteRunner.java:455)at org.testng.SuiteRunner.runSequentially(SuiteRunner.java:450)at org.testng.SuiteRunner.privateRun(SuiteRunner.java:415)at org.testng.SuiteRunner.run(SuiteRunner.java:364)at org.testng.SuiteRunnerWorker.runSuite(SuiteRunnerWorker.java:52)at org.testng.SuiteRunnerWorker.run(SuiteRunnerWorker.java:84)at org.testng.TestNG.runSuitesSequentially(TestNG.java:1187)at org.testng.TestNG.runSuitesLocally(TestNG.java:1116)at org.testng.TestNG.runSuites(TestNG.java:1028)at org.testng.TestNG.run(TestNG.java:996)at org.apache.maven.surefire.testng.TestNGExecutor.run(TestNGExecutor.java:283)at org.apache.maven.surefire.testng.TestNGXmlTestSuite.execute(TestNGXmlTestSuite.java:75)at org.apache.maven.surefire.testng.TestNGProvider.invoke(TestNGProvider.java:120)at org.apache.maven.surefire.booter.ForkedBooter.invokeProviderInSameClassLoader(ForkedBooter.java:373)at org.apache.maven.surefire.booter.ForkedBooter.runSuitesInProcess(ForkedBooter.java:334)at org.apache.maven.surefire.booter.ForkedBooter.execute(ForkedBooter.java:119)at org.apache.maven.surefire.booter.ForkedBooter.main(ForkedBooter.java:407)Caused by: org.openqa.selenium.NoSuchElementException: no such element: Unable to locate element: {"method":"xpath","selector":".//*/text()[normalize-space(translate(string(.), ' ', '    ')) = "Integration with API2"]/parent::*"}  (Session info: chrome=63.0.3239.132)  (Driver info: chromedriver=2.35.528161 (5b82f2d2aae0ca24b877009200ced9065a772e73),platform=Windows NT 10.0.15063 x86_64) (WARNING: The server did not provide any stacktrace information)Command duration or timeout: 0 millisecondsFor documentation on this error, please visit: http://seleniumhq.org/exceptions/no_such_element.htmlBuild info: version: '3.8.1', revision: '6e95a6684b', time: '2017-12-01T18:33:54.468Z'System info: host: 'RG-W-KIRIL', ip: '192.168.10.21', os.name: 'Windows 10', os.arch: 'amd64', os.version: '10.0', java.version: '1.8.0_144'Driver info: org.openqa.selenium.chrome.ChromeDriverCapabilities {acceptInsecureCerts: false, acceptSslCerts: false, applicationCacheEnabled: false, browserConnectionEnabled: false, browserName: chrome, chrome: {chromedriverVersion: 2.35.528161 (5b82f2d2aae0ca..., userDataDir: C:\Users\kiril\AppData\Loca...}, cssSelectorsEnabled: true, databaseEnabled: false, handlesAlerts: true, hasTouchScreen: false, javascriptEnabled: true, locationContextEnabled: true, mobileEmulationEnabled: false, nativeEvents: true, networkConnectionEnabled: false, pageLoadStrategy: normal, platform: XP, platformName: XP, rotatable: false, setWindowRect: true, takesHeapSnapshot: true, takesScreenshot: true, unexpectedAlertBehaviour: , unhandledPromptBehavior: , version: 63.0.3239.132, webStorageEnabled: true}Session ID: aad538eb8d04f56cdd707aa59f4ff46c*** Element info: {Using=xpath, value=.//*/text()[normalize-space(translate(string(.), ' ', '    ')) = "Integration with API2"]/parent::*}at sun.reflect.GeneratedConstructorAccessor14.newInstance(Unknown Source)at sun.reflect.DelegatingConstructorAccessorImpl.newInstance(DelegatingConstructorAccessorImpl.java:45)at java.lang.reflect.Constructor.newInstance(Constructor.java:423)at org.openqa.selenium.remote.ErrorHandler.createThrowable(ErrorHandler.java:214)at org.openqa.selenium.remote.ErrorHandler.throwIfResponseFailed(ErrorHandler.java:166)at org.openqa.selenium.remote.http.JsonHttpResponseCodec.reconstructValue(JsonHttpResponseCodec.java:40)at org.openqa.selenium.remote.http.AbstractHttpResponseCodec.decode(AbstractHttpResponseCodec.java:80)at org.openqa.selenium.remote.http.AbstractHttpResponseCodec.decode(AbstractHttpResponseCodec.java:44)at org.openqa.selenium.remote.HttpCommandExecutor.execute(HttpCommandExecutor.java:164)at org.openqa.selenium.remote.service.DriverCommandExecutor.execute(DriverCommandExecutor.java:83)at org.openqa.selenium.remote.RemoteWebDriver.execute(RemoteWebDriver.java:601)at org.openqa.selenium.remote.RemoteWebDriver.findElement(RemoteWebDriver.java:371)at org.openqa.selenium.remote.RemoteWebDriver.findElementByXPath(RemoteWebDriver.java:473)at org.openqa.selenium.By$ByXPath.findElement(By.java:361)at org.openqa.selenium.remote.RemoteWebDriver.findElement(RemoteWebDriver.java:363)at com.codeborne.selenide.impl.WebElementSelector.findElement(WebElementSelector.java:29)at com.codeborne.selenide.impl.ElementFinder.getWebElement(ElementFinder.java:56)at com.codeborne.selenide.impl.WebElementSource.checkCondition(WebElementSource.java:44)... 38 more]]>
            </full-stacktrace>
          </exception> <!-- com.codeborne.selenide.ex.ElementNotFound -->
          <reporter-output>
          </reporter-output>
        </test-method> <!-- testdownloadIntegrtionPDF -->
      </class> <!-- com.affilomnia.leadbaskets.BuyerTest -->
    </test> <!-- LeadsBaskets Test -->
  </suite> <!-- Regression TestSuite -->
</testng-results>
