<?xml version="1.0" encoding="UTF-8"?>
<!-- Generated by org.testng.reporters.JUnitXMLReporter -->
<testsuite hostname="RG-W-KIRIL" ignored="0" name="LeadsBaskets Test" tests="4" failures="4" timestamp="25 Jan 2018 11:56:10 GMT" time="131.337" errors="0">
  <testcase name="testBuyerRegistrtion" time="130.648" classname="com.affilomnia.leadbaskets.BuyerTest">
    <failure type="java.lang.NullPointerException">
      <![CDATA[java.lang.NullPointerException
	at org.apache.commons.io.FileUtils.openInputStream(FileUtils.java:284)
	at org.apache.commons.io.FileUtils.readFileToByteArray(FileUtils.java:1815)
	at libry.BaseListener.attachScreenshot(BaseListener.java:29)
	at libry.BaseListener.afterInvocation(BaseListener.java:22)
... Removed 23 stack frames]]>
    </failure>
  </testcase> <!-- testBuyerRegistrtion -->
  <testcase name="testTotalLeadTotalSpentAvgcplParCamp" time="0.018" classname="com.affilomnia.leadbaskets.BuyerTest">
    <failure type="java.lang.NullPointerException">
      <![CDATA[java.lang.NullPointerException
	at org.apache.commons.io.FileUtils.openInputStream(FileUtils.java:284)
	at org.apache.commons.io.FileUtils.readFileToByteArray(FileUtils.java:1815)
	at libry.BaseListener.attachScreenshot(BaseListener.java:29)
	at libry.BaseListener.afterInvocation(BaseListener.java:22)
... Removed 23 stack frames]]>
    </failure>
  </testcase> <!-- testTotalLeadTotalSpentAvgcplParCamp -->
  <testcase name="testLoginTotalSpentAndLeads" time="0.02" classname="com.affilomnia.leadbaskets.BuyerTest">
    <failure type="java.lang.NullPointerException">
      <![CDATA[java.lang.NullPointerException
	at org.apache.commons.io.FileUtils.openInputStream(FileUtils.java:284)
	at org.apache.commons.io.FileUtils.readFileToByteArray(FileUtils.java:1815)
	at libry.BaseListener.attachScreenshot(BaseListener.java:29)
	at libry.BaseListener.afterInvocation(BaseListener.java:22)
... Removed 23 stack frames]]>
    </failure>
  </testcase> <!-- testLoginTotalSpentAndLeads -->
  <testcase name="testdownloadIntegrtionPDF" time="0.017" classname="com.affilomnia.leadbaskets.BuyerTest">
    <failure type="java.lang.NullPointerException">
      <![CDATA[java.lang.NullPointerException
	at org.apache.commons.io.FileUtils.openInputStream(FileUtils.java:284)
	at org.apache.commons.io.FileUtils.readFileToByteArray(FileUtils.java:1815)
	at libry.BaseListener.attachScreenshot(BaseListener.java:29)
	at libry.BaseListener.afterInvocation(BaseListener.java:22)
... Removed 23 stack frames]]>
    </failure>
  </testcase> <!-- testdownloadIntegrtionPDF -->
</testsuite> <!-- LeadsBaskets Test -->
