<?xml version="1.0" encoding="UTF-8"?>
<testng-results skipped="0" failed="0" ignored="0" total="1" passed="1">
  <reporter-output>
  </reporter-output>
  <suite name="Default suite" duration-ms="13413" started-at="2018-01-25T13:50:36Z" finished-at="2018-01-25T13:50:50Z">
    <groups>
    </groups>
    <test name="Default test" duration-ms="13413" started-at="2018-01-25T13:50:36Z" finished-at="2018-01-25T13:50:50Z">
      <class name="com.affilomnia.leadbaskets.FormLbTest">
        <test-method status="PASS" signature="before()[pri:0, instance:com.affilomnia.leadbaskets.FormLbTest@463afa6e]" name="before" is-config="true" duration-ms="14" started-at="2018-01-25T15:50:36Z" finished-at="2018-01-25T15:50:36Z">
          <reporter-output>
          </reporter-output>
        </test-method> <!-- before -->
        <test-method status="PASS" signature="LoginAsSellerAndSendLead()[pri:0, instance:com.affilomnia.leadbaskets.FormLbTest@463afa6e]" name="LoginAsSellerAndSendLead" duration-ms="13305" started-at="2018-01-25T15:50:36Z" description="seller send one lead thought offer 543 " finished-at="2018-01-25T15:50:50Z">
          <reporter-output>
          </reporter-output>
        </test-method> <!-- LoginAsSellerAndSendLead -->
      </class> <!-- com.affilomnia.leadbaskets.FormLbTest -->
    </test> <!-- Default test -->
  </suite> <!-- Default suite -->
</testng-results>
