<?xml version="1.0" encoding="UTF-8"?>
<!-- Generated by org.testng.reporters.JUnitXMLReporter -->
<testsuite hostname="RG-W-KIRIL" ignored="0" name="LeadsBaskets Test" tests="4" failures="0" timestamp="23 Jan 2018 11:42:59 GMT" time="57.006" errors="0">
  <testcase name="testBuyerRegistrtion" time="14.875" classname="com.affilomnia.leadbaskets.BuyerTest"/>
  <testcase name="testTotalLeadTotalSpentAvgcplParCamp" time="26.478" classname="com.affilomnia.leadbaskets.BuyerTest"/>
  <testcase name="testLoginTotalSpentAndLeads" time="11.386" classname="com.affilomnia.leadbaskets.BuyerTest"/>
  <testcase name="testdownloadIntegrtionPDF" time="3.687" classname="com.affilomnia.leadbaskets.BuyerTest"/>
</testsuite> <!-- LeadsBaskets Test -->
